This is pdfTeX, Version 3.14159265-2.6-1.40.21 (TeX Live 2020/W32TeX) (preloaded format=pdflatex 2020.11.11)  1 JUN 2021 15:43
entering extended mode
 restricted \write18 enabled.
 %&-line parsing enabled.
**figura1.tex
(./figura1.tex
LaTeX2e <2020-10-01> patch level 2
L3 programming layer <2020-10-27> xparse <2020-03-03>
(c:/Users/jccortes/AppData/Roaming/TinyTeX/texmf-dist/tex/latex/standalone/stan
dalone.cls
Document Class: standalone 2018/03/26 v1.3a Class to compile TeX sub-files stan
dalone

(c:/Users/jccortes/AppData/Roaming/TinyTeX/texmf-dist/tex/latex/tools/shellesc.
sty
Package: shellesc 2019/11/08 v1.0c unified shell escape interface for LaTeX
Package shellesc Info: Restricted shell escape enabled on input line 77.
)
(c:/Users/jccortes/AppData/Roaming/TinyTeX/texmf-dist/tex/generic/iftex/ifluate
x.sty
Package: ifluatex 2019/10/25 v1.5 ifluatex legacy package. Use iftex instead.

(c:/Users/jccortes/AppData/Roaming/TinyTeX/texmf-dist/tex/generic/iftex/iftex.s
ty
Package: iftex 2020/03/06 v1.0d TeX engine tests
))
(c:/Users/jccortes/AppData/Roaming/TinyTeX/texmf-dist/tex/latex/xkeyval/xkeyval
.sty
Package: xkeyval 2014/12/03 v2.7a package option processing (HA)

(c:/Users/jccortes/AppData/Roaming/TinyTeX/texmf-dist/tex/generic/xkeyval/xkeyv
al.tex
(c:/Users/jccortes/AppData/Roaming/TinyTeX/texmf-dist/tex/generic/xkeyval/xkvut
ils.tex
\XKV@toks=\toks15
\XKV@tempa@toks=\toks16

(c:/Users/jccortes/AppData/Roaming/TinyTeX/texmf-dist/tex/generic/xkeyval/keyva
l.tex))
\XKV@depth=\count175
File: xkeyval.tex 2014/12/03 v2.7a key=value parser (HA)
))
\sa@internal=\count176
\c@sapage=\count177

(c:/Users/jccortes/AppData/Roaming/TinyTeX/texmf-dist/tex/latex/standalone/stan
dalone.cfg
File: standalone.cfg 2018/03/26 v1.3a Default configuration file for 'standalon
e' class
)
(c:/Users/jccortes/AppData/Roaming/TinyTeX/texmf-dist/tex/latex/base/article.cl
s
Document Class: article 2020/04/10 v1.4m Standard LaTeX document class

(c:/Users/jccortes/AppData/Roaming/TinyTeX/texmf-dist/tex/latex/base/size10.clo
File: size10.clo 2020/04/10 v1.4m Standard LaTeX file (size option)
)
\c@part=\count178
\c@section=\count179
\c@subsection=\count180
\c@subsubsection=\count181
\c@paragraph=\count182
\c@subparagraph=\count183
\c@figure=\count184
\c@table=\count185
\abovecaptionskip=\skip47
\belowcaptionskip=\skip48
\bibindent=\dimen138
)
\sa@box=\box47
)
(c:/Users/jccortes/AppData/Roaming/TinyTeX/texmf-dist/tex/latex/geometry/geomet
ry.sty
Package: geometry 2020/01/02 v5.9 Page Geometry

(c:/Users/jccortes/AppData/Roaming/TinyTeX/texmf-dist/tex/generic/iftex/ifvtex.
sty
Package: ifvtex 2019/10/25 v1.7 ifvtex legacy package. Use iftex instead.
)
\Gm@cnth=\count186
\Gm@cntv=\count187
\c@Gm@tempcnt=\count188
\Gm@bindingoffset=\dimen139
\Gm@wd@mp=\dimen140
\Gm@odd@mp=\dimen141
\Gm@even@mp=\dimen142
\Gm@layoutwidth=\dimen143
\Gm@layoutheight=\dimen144
\Gm@layouthoffset=\dimen145
\Gm@layoutvoffset=\dimen146
\Gm@dimlist=\toks17
) (c:/Program Files/R/R-4.0.3/share/texmf/tex/latex/Sweave.sty
Package: Sweave 

(c:/Users/jccortes/AppData/Roaming/TinyTeX/texmf-dist/tex/latex/base/ifthen.sty
Package: ifthen 2014/09/29 v1.1c Standard LaTeX ifthen package (DPC)
)
(c:/Users/jccortes/AppData/Roaming/TinyTeX/texmf-dist/tex/latex/graphics/graphi
cx.sty
Package: graphicx 2020/09/09 v1.2b Enhanced LaTeX Graphics (DPC,SPQR)

(c:/Users/jccortes/AppData/Roaming/TinyTeX/texmf-dist/tex/latex/graphics/graphi
cs.sty
Package: graphics 2020/08/30 v1.4c Standard LaTeX Graphics (DPC,SPQR)

(c:/Users/jccortes/AppData/Roaming/TinyTeX/texmf-dist/tex/latex/graphics/trig.s
ty
Package: trig 2016/01/03 v1.10 sin cos tan (DPC)
)
(c:/Users/jccortes/AppData/Roaming/TinyTeX/texmf-dist/tex/latex/graphics-cfg/gr
aphics.cfg
File: graphics.cfg 2016/06/04 v1.11 sample graphics configuration
)
Package graphics Info: Driver file: pdftex.def on input line 105.

(c:/Users/jccortes/AppData/Roaming/TinyTeX/texmf-dist/tex/latex/graphics-def/pd
ftex.def
File: pdftex.def 2020/10/05 v1.2a Graphics/color driver for pdftex
))
\Gin@req@height=\dimen147
\Gin@req@width=\dimen148
)
(c:/Users/jccortes/AppData/Roaming/TinyTeX/texmf-dist/tex/latex/fancyvrb/fancyv
rb.sty
Package: fancyvrb 2020/05/03 v3.6 verbatim text (tvz,hv)
\FV@CodeLineNo=\count189
\FV@InFile=\read2
\FV@TabBox=\box48
\c@FancyVerbLine=\count190
\FV@StepNumber=\count191
\FV@OutFile=\write3
)
(c:/Users/jccortes/AppData/Roaming/TinyTeX/texmf-dist/tex/latex/base/textcomp.s
ty
Package: textcomp 2020/02/02 v2.0n Standard LaTeX package
)
(c:/Users/jccortes/AppData/Roaming/TinyTeX/texmf-dist/tex/latex/base/fontenc.st
y
Package: fontenc 2020/08/10 v2.0s Standard LaTeX package
) (c:/Users/jccortes/AppData/Roaming/TinyTeX/texmf-dist/tex/latex/ae/ae.sty
Package: ae 2001/02/12 1.3 Almost European Computer Modern

(c:/Users/jccortes/AppData/Roaming/TinyTeX/texmf-dist/tex/latex/base/fontenc.st
y
Package: fontenc 2020/08/10 v2.0s Standard LaTeX package
)))
LaTeX Font Info:    Trying to load font information for T1+aer on input line 5.


(c:/Users/jccortes/AppData/Roaming/TinyTeX/texmf-dist/tex/latex/ae/t1aer.fd
File: t1aer.fd 1997/11/16 Font definitions for T1/aer.
)
(c:/Users/jccortes/AppData/Roaming/TinyTeX/texmf-dist/tex/latex/l3backend/l3bac
kend-pdftex.def
File: l3backend-pdftex.def 2020-09-24 L3 backend support: PDF output (pdfTeX)
\l__kernel_color_stack_int=\count192
\l__pdf_internal_box=\box49
) (./figura1.aux)
\openout1 = `figura1.aux'.

LaTeX Font Info:    Checking defaults for OML/cmm/m/it on input line 5.
LaTeX Font Info:    ... okay on input line 5.
LaTeX Font Info:    Checking defaults for OMS/cmsy/m/n on input line 5.
LaTeX Font Info:    ... okay on input line 5.
LaTeX Font Info:    Checking defaults for OT1/cmr/m/n on input line 5.
LaTeX Font Info:    ... okay on input line 5.
LaTeX Font Info:    Checking defaults for T1/cmr/m/n on input line 5.
LaTeX Font Info:    ... okay on input line 5.
LaTeX Font Info:    Checking defaults for TS1/cmr/m/n on input line 5.
LaTeX Font Info:    ... okay on input line 5.
LaTeX Font Info:    Checking defaults for OMX/cmex/m/n on input line 5.
LaTeX Font Info:    ... okay on input line 5.
LaTeX Font Info:    Checking defaults for U/cmr/m/n on input line 5.
LaTeX Font Info:    ... okay on input line 5.

*geometry* driver: auto-detecting
*geometry* detected driver: pdftex
*geometry* verbose mode - [ preamble ] result:
* driver: pdftex
* paper: a4paper
* layout: <same size as paper>
* layoutoffset:(h,v)=(0.0pt,0.0pt)
* modes: 
* h-part:(L,W,R)=(89.62709pt, 418.25368pt, 89.6271pt)
* v-part:(T,H,B)=(85.35826pt, 674.33032pt, 85.35826pt)
* \paperwidth=597.50787pt
* \paperheight=845.04684pt
* \textwidth=418.25368pt
* \textheight=674.33032pt
* \oddsidemargin=17.3571pt
* \evensidemargin=17.3571pt
* \topmargin=13.08827pt
* \headheight=0.0pt
* \headsep=0.0pt
* \topskip=0.0pt
* \footskip=0.0pt
* \marginparwidth=0.0pt
* \marginparsep=0.0pt
* \columnsep=10.0pt
* \skip\footins=9.0pt plus 4.0pt minus 2.0pt
* \hoffset=-72.27pt
* \voffset=-72.27pt
* \mag=1000
* \@twocolumnfalse
* \@twosidefalse
* \@mparswitchfalse
* \@reversemarginfalse
* (1in=72.27pt=25.4mm, 1cm=28.453pt)


(c:/Users/jccortes/AppData/Roaming/TinyTeX/texmf-dist/tex/latex/epstopdf-pkg/ep
stopdf-base.sty
Package: epstopdf-base 2020-01-24 v2.11 Base part for package epstopdf

(c:/Users/jccortes/AppData/Roaming/TinyTeX/texmf-dist/tex/generic/infwarerr/inf
warerr.sty
Package: infwarerr 2019/12/03 v1.5 Providing info/warning/error messages (HO)
)
(c:/Users/jccortes/AppData/Roaming/TinyTeX/texmf-dist/tex/latex/grfext/grfext.s
ty
Package: grfext 2019/12/03 v1.3 Manage graphics extensions (HO)

(c:/Users/jccortes/AppData/Roaming/TinyTeX/texmf-dist/tex/generic/kvdefinekeys/
kvdefinekeys.sty
Package: kvdefinekeys 2019-12-19 v1.6 Define keys (HO)
))
(c:/Users/jccortes/AppData/Roaming/TinyTeX/texmf-dist/tex/latex/kvoptions/kvopt
ions.sty
Package: kvoptions 2020-10-07 v3.14 Key value format for package options (HO)

(c:/Users/jccortes/AppData/Roaming/TinyTeX/texmf-dist/tex/generic/ltxcmds/ltxcm
ds.sty
Package: ltxcmds 2020-05-10 v1.25 LaTeX kernel commands for general use (HO)
)
(c:/Users/jccortes/AppData/Roaming/TinyTeX/texmf-dist/tex/generic/kvsetkeys/kvs
etkeys.sty
Package: kvsetkeys 2019/12/15 v1.18 Key value parser (HO)
))
(c:/Users/jccortes/AppData/Roaming/TinyTeX/texmf-dist/tex/generic/pdftexcmds/pd
ftexcmds.sty
Package: pdftexcmds 2020-06-27 v0.33 Utility functions of pdfTeX for LuaTeX (HO
)
Package pdftexcmds Info: \pdf@primitive is available.
Package pdftexcmds Info: \pdf@ifprimitive is available.
Package pdftexcmds Info: \pdfdraftmode found.
)
Package epstopdf-base Info: Redefining graphics rule for `.eps' on input line 4
85.
Package grfext Info: Graphics extension search list:
(grfext)             [.pdf,.png,.jpg,.mps,.jpeg,.jbig2,.jb2,.PDF,.PNG,.JPG,.JPE
G,.JBIG2,.JB2,.eps]
(grfext)             \AppendGraphicsExtensions on input line 504.

(c:/Users/jccortes/AppData/Roaming/TinyTeX/texmf-dist/tex/latex/latexconfig/eps
topdf-sys.cfg
File: epstopdf-sys.cfg 2010/07/13 v1.3 Configuration of (r)epstopdf for TeX Liv
e
)) (./figura1-concordance.tex) [1

{c:/Users/jccortes/AppData/Roaming/TinyTeX/texmf-var/fonts/map/pdftex/updmap/pd
ftex.map}] (./figura1.aux) ) 
Here is how much of TeX's memory you used:
 3008 strings out of 481433
 49055 string characters out of 5918561
 318385 words of memory out of 5000000
 19722 multiletter control sequences out of 15000+600000
 538000 words of font info for 33 fonts, out of 8000000 for 9000
 14 hyphenation exceptions out of 8191
 80i,4n,85p,228b,95s stack positions out of 5000i,500n,10000p,200000b,80000s
<c:/Users/jccortes/AppData/Roaming/TinyTeX/texmf-di
st/fonts/type1/public/amsfonts/cm/cmr10.pfb>
Output written on figura1.pdf (1 page, 10507 bytes).
PDF statistics:
 13 PDF objects out of 1000 (max. 8388607)
 7 compressed objects within 1 object stream
 0 named destinations out of 1000 (max. 500000)
 5 words of extra memory for PDF output out of 10000 (max. 10000000)

